<?xml version="1.0" encoding="UTF-8"?>
<!-- Generated by org.testng.reporters.JUnitReportReporter -->
<testsuite hostname="LAPTOP-5F5JCMJ6" failures="0" tests="4" name="Calculator.CalculatorAssignment" time="20.379" errors="0" timestamp="2021-02-05T21:18:57 IST" skipped="0">
  <testcase classname="Calculator.CalculatorAssignment" name="Multiplication" time="4.719"/>
  <system-out/>
  <testcase classname="Calculator.CalculatorAssignment" name="Division" time="3.441"/>
  <system-out/>
  <testcase classname="Calculator.CalculatorAssignment" name="addition" time="5.918"/>
  <system-out/>
  <testcase classname="Calculator.CalculatorAssignment" name="Subtraction" time="6.301"/>
  <system-out/>
</testsuite> <!-- Calculator.CalculatorAssignment -->
